<?xml version="1.0" encoding="UTF-8"?>
<testsuite xmlns:xsi="http://www.w3.org/2001/XMLSchema-instance" xsi:noNamespaceSchemaLocation="https://maven.apache.org/surefire/maven-surefire-plugin/xsd/surefire-test-report.xsd" version="3.0.2" name="com.upiiz.ajaxcrud.AjaxcrudApplicationTests" time="8.634" tests="1" errors="0" skipped="0" failures="0">
  <properties>
[...]
</properties>
  <testcase name="contextLoads" classname="com.upiiz.ajaxcrud.AjaxcrudApplicationTests" time="1.421">
    <system-out><![CDATA[14:46:14.291 [main] INFO org.springframework.test.context.support.AnnotationConfigContextLoaderUtils -- Could not detect default configuration classes for test class [com.upiiz.ajaxcrud.AjaxcrudApplicationTests]: AjaxcrudApplicationTests does not declare any static, non-private, non-final, nested classes annotated with @Configuration.
14:46:14.469 [main] INFO org.springframework.boot.test.context.SpringBootTestContextBootstrapper -- Found @SpringBootConfiguration com.upiiz.ajaxcrud.AjaxcrudApplication for test class com.upiiz.ajaxcrud.AjaxcrudApplicationTests
14:46:14.784 [main] INFO org.springframework.boot.devtools.restart.RestartApplicationListener -- Restart disabled due to context in which it is running

  .   ____          _            __ _ _
 /\\ / ___'_ __ _ _(_)_ __  __ _ \ \ \ \
( ( )\___ | '_ | '_| | '_ \/ _` | \ \ \ \
 \\/  ___)| |_)| | | | | || (_| |  ) ) ) )
  '  |____| .__|_| |_|_| |_\__, | / / / /
 =========|_|==============|___/=/_/_/_/

 :: Spring Boot ::                (v3.5.0)

2025-06-09T14:46:15.254-06:00  INFO 45388 --- [ajaxcrud] [           main] c.u.ajaxcrud.AjaxcrudApplicationTests    : Starting AjaxcrudApplicationTests using Java 21.0.2 with PID 45388 (started by Efrain in C:\Users\Efrain\Documents\Respaldo\Documents\tecweb\2025-2\ajaxcrud)
2025-06-09T14:46:15.255-06:00  INFO 45388 --- [ajaxcrud] [           main] c.u.ajaxcrud.AjaxcrudApplicationTests    : No active profile set, falling back to 1 default profile: "default"
2025-06-09T14:46:16.609-06:00  INFO 45388 --- [ajaxcrud] [           main] .s.d.r.c.RepositoryConfigurationDelegate : Bootstrapping Spring Data JDBC repositories in DEFAULT mode.
2025-06-09T14:46:16.651-06:00  INFO 45388 --- [ajaxcrud] [           main] .s.d.r.c.RepositoryConfigurationDelegate : Finished Spring Data repository scanning in 29 ms. Found 0 JDBC repository interfaces.
2025-06-09T14:46:17.755-06:00  INFO 45388 --- [ajaxcrud] [           main] o.s.b.a.w.s.WelcomePageHandlerMapping    : Adding welcome page template: index
2025-06-09T14:46:18.478-06:00  INFO 45388 --- [ajaxcrud] [           main] com.zaxxer.hikari.HikariDataSource       : HikariPool-1 - Starting...
2025-06-09T14:46:20.876-06:00  INFO 45388 --- [ajaxcrud] [           main] com.zaxxer.hikari.pool.HikariPool        : HikariPool-1 - Added connection com.mysql.cj.jdbc.ConnectionImpl@5bb2fb2b
2025-06-09T14:46:20.879-06:00  INFO 45388 --- [ajaxcrud] [           main] com.zaxxer.hikari.HikariDataSource       : HikariPool-1 - Start completed.
2025-06-09T14:46:21.207-06:00  INFO 45388 --- [ajaxcrud] [           main] c.u.ajaxcrud.AjaxcrudApplicationTests    : Started AjaxcrudApplicationTests in 6.443 seconds (process running for 8.113)
]]></system-out>
    <system-err><![CDATA[Mockito is currently self-attaching to enable the inline-mock-maker. This will no longer work in future releases of the JDK. Please add Mockito as an agent to your build as described in Mockito's documentation: https://javadoc.io/doc/org.mockito/mockito-core/latest/org.mockito/org/mockito/Mockito.html#0.3
WARNING: A Java agent has been loaded dynamically (C:\Users\Efrain\.m2\repository\net\bytebuddy\byte-buddy-agent\1.17.5\byte-buddy-agent-1.17.5.jar)
WARNING: If a serviceability tool is in use, please run with -XX:+EnableDynamicAgentLoading to hide this warning
WARNING: If a serviceability tool is not in use, please run with -Djdk.instrument.traceUsage for more information
WARNING: Dynamic loading of agents will be disallowed by default in a future release
]]></system-err>
  </testcase>
</testsuite>